This file contains any messages produced by compilers while
running configure, to aid debugging if configure makes a mistake.

It was created by configure, which was
generated by GNU Autoconf 2.59.  Invocation command line was

  $ ./configure 

## --------- ##
## Platform. ##
## --------- ##

hostname = scrod
uname -m = x86_64
uname -r = 3.17.6-200.fc20.x86_64
uname -s = Linux
uname -v = #1 SMP Mon Dec 8 15:21:05 UTC 2014

/usr/bin/uname -p = x86_64
/bin/uname -X     = unknown

/bin/arch              = x86_64
/usr/bin/arch -k       = unknown
/usr/convex/getsysinfo = unknown
hostinfo               = unknown
/bin/machine           = unknown
/usr/bin/oslevel       = unknown
/bin/universe          = unknown

PATH: /usr/local/sbin
PATH: /usr/local/bin
PATH: /usr/sbin
PATH: /usr/bin
PATH: /sbin
PATH: /bin
PATH: /home/damato/dotfiles


## ----------- ##
## Core tests. ##
## ----------- ##

configure:1306: checking for gcc
configure:1322: found /usr/bin/gcc
configure:1332: result: gcc
configure:1576: checking for C compiler version
configure:1579: gcc --version </dev/null >&5
gcc (GCC) 4.8.3 20140911 (Red Hat 4.8.3-7)
Copyright (C) 2013 Free Software Foundation, Inc.
This is free software; see the source for copying conditions.  There is NO
warranty; not even for MERCHANTABILITY or FITNESS FOR A PARTICULAR PURPOSE.

configure:1582: $? = 0
configure:1584: gcc -v </dev/null >&5
Using built-in specs.
COLLECT_GCC=gcc
COLLECT_LTO_WRAPPER=/usr/libexec/gcc/x86_64-redhat-linux/4.8.3/lto-wrapper
Target: x86_64-redhat-linux
Configured with: ../configure --prefix=/usr --mandir=/usr/share/man --infodir=/usr/share/info --with-bugurl=http://bugzilla.redhat.com/bugzilla --enable-bootstrap --enable-shared --enable-threads=posix --enable-checking=release --with-system-zlib --enable-__cxa_atexit --disable-libunwind-exceptions --enable-gnu-unique-object --enable-linker-build-id --with-linker-hash-style=gnu --enable-languages=c,c++,objc,obj-c++,java,fortran,ada,go,lto --enable-plugin --enable-initfini-array --enable-java-awt=gtk --disable-dssi --with-java-home=/usr/lib/jvm/java-1.5.0-gcj-1.5.0.0/jre --enable-libgcj-multifile --enable-java-maintainer-mode --with-ecj-jar=/usr/share/java/eclipse-ecj.jar --disable-libjava-multilib --with-isl=/builddir/build/BUILD/gcc-4.8.3-20140911/obj-x86_64-redhat-linux/isl-install --with-cloog=/builddir/build/BUILD/gcc-4.8.3-20140911/obj-x86_64-redhat-linux/cloog-install --with-tune=generic --with-arch_32=i686 --build=x86_64-redhat-linux
Thread model: posix
gcc version 4.8.3 20140911 (Red Hat 4.8.3-7) (GCC) 
configure:1587: $? = 0
configure:1589: gcc -V </dev/null >&5
gcc: error: unrecognized command line option '-V'
gcc: fatal error: no input files
compilation terminated.
configure:1592: $? = 4
configure:1615: checking for C compiler default output file name
configure:1618: gcc    conftest.c  >&5
configure:1621: $? = 0
configure:1667: result: a.out
configure:1672: checking whether the C compiler works
configure:1678: ./a.out
configure:1681: $? = 0
configure:1698: result: yes
configure:1705: checking whether we are cross compiling
configure:1707: result: no
configure:1710: checking for suffix of executables
configure:1712: gcc -o conftest    conftest.c  >&5
configure:1715: $? = 0
configure:1740: result: 
configure:1746: checking for suffix of object files
configure:1767: gcc -c   conftest.c >&5
configure:1770: $? = 0
configure:1792: result: o
configure:1796: checking whether we are using the GNU C compiler
configure:1820: gcc -c   conftest.c >&5
configure:1826: $? = 0
configure:1829: test -z 			 || test ! -s conftest.err
configure:1832: $? = 0
configure:1835: test -s conftest.o
configure:1838: $? = 0
configure:1851: result: yes
configure:1857: checking whether gcc accepts -g
configure:1878: gcc -c -g  conftest.c >&5
configure:1884: $? = 0
configure:1887: test -z 			 || test ! -s conftest.err
configure:1890: $? = 0
configure:1893: test -s conftest.o
configure:1896: $? = 0
configure:1907: result: yes
configure:1924: checking for gcc option to accept ANSI C
configure:1994: gcc  -c -g -O2  conftest.c >&5
configure:2000: $? = 0
configure:2003: test -z 			 || test ! -s conftest.err
configure:2006: $? = 0
configure:2009: test -s conftest.o
configure:2012: $? = 0
configure:2030: result: none needed
configure:2048: gcc -c -g -O2  conftest.c >&5
conftest.c:2:3: error: unknown type name 'choke'
   choke me
   ^
conftest.c:2:3: error: expected '=', ',', ';', 'asm' or '__attribute__' at end of input
configure:2054: $? = 1
configure: failed program was:
| #ifndef __cplusplus
|   choke me
| #endif
configure:2190: checking how to run the C preprocessor
configure:2225: gcc -E  conftest.c
configure:2231: $? = 0
configure:2263: gcc -E  conftest.c
conftest.c:9:28: fatal error: ac_nonexistent.h: No such file or directory
 #include <ac_nonexistent.h>
                            ^
compilation terminated.
configure:2269: $? = 1
configure: failed program was:
| /* confdefs.h.  */
| 
| #define PACKAGE_NAME ""
| #define PACKAGE_TARNAME ""
| #define PACKAGE_VERSION ""
| #define PACKAGE_STRING ""
| #define PACKAGE_BUGREPORT ""
| /* end confdefs.h.  */
| #include <ac_nonexistent.h>
configure:2308: result: gcc -E
configure:2332: gcc -E  conftest.c
configure:2338: $? = 0
configure:2370: gcc -E  conftest.c
conftest.c:9:28: fatal error: ac_nonexistent.h: No such file or directory
 #include <ac_nonexistent.h>
                            ^
compilation terminated.
configure:2376: $? = 1
configure: failed program was:
| /* confdefs.h.  */
| 
| #define PACKAGE_NAME ""
| #define PACKAGE_TARNAME ""
| #define PACKAGE_VERSION ""
| #define PACKAGE_STRING ""
| #define PACKAGE_BUGREPORT ""
| /* end confdefs.h.  */
| #include <ac_nonexistent.h>
configure:2422: checking for X
configure:2528: gcc -E  conftest.c
conftest.c:9:27: fatal error: X11/Intrinsic.h: No such file or directory
 #include <X11/Intrinsic.h>
                           ^
compilation terminated.
configure:2534: $? = 1
configure: failed program was:
| /* confdefs.h.  */
| 
| #define PACKAGE_NAME ""
| #define PACKAGE_TARNAME ""
| #define PACKAGE_VERSION ""
| #define PACKAGE_STRING ""
| #define PACKAGE_BUGREPORT ""
| /* end confdefs.h.  */
| #include <X11/Intrinsic.h>
configure:2584: gcc -o conftest -g -O2   conftest.c -lXt  >&5
conftest.c:9:27: fatal error: X11/Intrinsic.h: No such file or directory
 #include <X11/Intrinsic.h>
                           ^
compilation terminated.
configure:2590: $? = 1
configure: failed program was:
| /* confdefs.h.  */
| 
| #define PACKAGE_NAME ""
| #define PACKAGE_TARNAME ""
| #define PACKAGE_VERSION ""
| #define PACKAGE_STRING ""
| #define PACKAGE_BUGREPORT ""
| /* end confdefs.h.  */
| #include <X11/Intrinsic.h>
| int
| main ()
| {
| XtMalloc (0)
|   ;
|   return 0;
| }
configure:2642: result: no
configure:3805: checking whether make sets $(MAKE)
configure:3825: result: yes
configure:3872: checking for a BSD-compatible install
configure:3927: result: /usr/bin/install -c
configure:3940: checking for XextCreateExtension in -lXext
configure:3970: gcc -o conftest -g -O2     conftest.c -lXext      >&5
configure:3976: $? = 0
configure:3979: test -z 			 || test ! -s conftest.err
configure:3982: $? = 0
configure:3985: test -s conftest
configure:3988: $? = 0
configure:4001: result: yes
configure:4017: checking for X11/extensions/xidle.h
configure:4036: gcc -c -g -O2    conftest.c >&5
conftest.c:16:34: fatal error: X11/extensions/xidle.h: No such file or directory
 #include <X11/extensions/xidle.h>
                                  ^
compilation terminated.
configure:4042: $? = 1
configure: failed program was:
| /* confdefs.h.  */
| 
| #define PACKAGE_NAME ""
| #define PACKAGE_TARNAME ""
| #define PACKAGE_VERSION ""
| #define PACKAGE_STRING ""
| #define PACKAGE_BUGREPORT ""
| #define X_DISPLAY_MISSING 1
| #define HAVE_LIBXEXT 1
| /* end confdefs.h.  */
| 
| #include <X11/X.h>
| #include <X11/Xutil.h>
| 
| 
| #include <X11/extensions/xidle.h>
configure:4065: result: no
configure:4086: checking for X11/extensions/scrnsaver.h
configure:4105: gcc -c -g -O2    conftest.c >&5
conftest.c:16:38: fatal error: X11/extensions/scrnsaver.h: No such file or directory
 #include <X11/extensions/scrnsaver.h>
                                      ^
compilation terminated.
configure:4111: $? = 1
configure: failed program was:
| /* confdefs.h.  */
| 
| #define PACKAGE_NAME ""
| #define PACKAGE_TARNAME ""
| #define PACKAGE_VERSION ""
| #define PACKAGE_STRING ""
| #define PACKAGE_BUGREPORT ""
| #define X_DISPLAY_MISSING 1
| #define HAVE_LIBXEXT 1
| /* end confdefs.h.  */
| 
| #include <X11/X.h>
| #include <X11/Xutil.h>
| 
| 
| #include <X11/extensions/scrnsaver.h>
configure:4134: result: no
configure:4278: checking for X11/extensions/Xinerama.h
configure:4297: gcc -c -g -O2    conftest.c >&5
configure:4303: $? = 0
configure:4306: test -z 			 || test ! -s conftest.err
configure:4309: $? = 0
configure:4312: test -s conftest.o
configure:4315: $? = 0
configure:4326: result: yes
configure:4333: checking for library containing XineramaQueryExtension
configure:4363: gcc -o conftest -g -O2     conftest.c -lXext     >&5
/tmp/ccWOfqCL.o: In function `main':
/home/damato/Downloads/x2vnc-1.7.2/conftest.c:23: undefined reference to `XineramaQueryExtension'
collect2: error: ld returned 1 exit status
configure:4369: $? = 1
configure: failed program was:
| /* confdefs.h.  */
| 
| #define PACKAGE_NAME ""
| #define PACKAGE_TARNAME ""
| #define PACKAGE_VERSION ""
| #define PACKAGE_STRING ""
| #define PACKAGE_BUGREPORT ""
| #define X_DISPLAY_MISSING 1
| #define HAVE_LIBXEXT 1
| #define HAVE_X11_EXTENSIONS_XINERAMA_H 1
| /* end confdefs.h.  */
| 
| /* Override any gcc2 internal prototype to avoid an error.  */
| #ifdef __cplusplus
| extern "C"
| #endif
| /* We use char because int might match the return type of a gcc2
|    builtin and then its argument prototype would still apply.  */
| char XineramaQueryExtension ();
| int
| main ()
| {
| XineramaQueryExtension ();
|   ;
|   return 0;
| }
configure:4417: gcc -o conftest -g -O2     conftest.c -lXext  -lXext     >&5
/tmp/ccjBcHcN.o: In function `main':
/home/damato/Downloads/x2vnc-1.7.2/conftest.c:23: undefined reference to `XineramaQueryExtension'
collect2: error: ld returned 1 exit status
configure:4423: $? = 1
configure: failed program was:
| /* confdefs.h.  */
| 
| #define PACKAGE_NAME ""
| #define PACKAGE_TARNAME ""
| #define PACKAGE_VERSION ""
| #define PACKAGE_STRING ""
| #define PACKAGE_BUGREPORT ""
| #define X_DISPLAY_MISSING 1
| #define HAVE_LIBXEXT 1
| #define HAVE_X11_EXTENSIONS_XINERAMA_H 1
| /* end confdefs.h.  */
| 
| /* Override any gcc2 internal prototype to avoid an error.  */
| #ifdef __cplusplus
| extern "C"
| #endif
| /* We use char because int might match the return type of a gcc2
|    builtin and then its argument prototype would still apply.  */
| char XineramaQueryExtension ();
| int
| main ()
| {
| XineramaQueryExtension ();
|   ;
|   return 0;
| }
configure:4417: gcc -o conftest -g -O2     conftest.c -lXinerama  -lXext     >&5
configure:4423: $? = 0
configure:4426: test -z 			 || test ! -s conftest.err
configure:4429: $? = 0
configure:4432: test -s conftest
configure:4435: $? = 0
configure:4450: result: -lXinerama
configure:4470: checking for X11/extensions/Xrandr.h
configure:4489: gcc -c -g -O2    conftest.c >&5
configure:4495: $? = 0
configure:4498: test -z 			 || test ! -s conftest.err
configure:4501: $? = 0
configure:4504: test -s conftest.o
configure:4507: $? = 0
configure:4518: result: yes
configure:4525: checking for library containing XRRSelectInput
configure:4555: gcc -o conftest -g -O2     conftest.c -lXinerama -lXext     >&5
/tmp/ccpjG7dL.o: In function `main':
/home/damato/Downloads/x2vnc-1.7.2/conftest.c:25: undefined reference to `XRRSelectInput'
collect2: error: ld returned 1 exit status
configure:4561: $? = 1
configure: failed program was:
| /* confdefs.h.  */
| 
| #define PACKAGE_NAME ""
| #define PACKAGE_TARNAME ""
| #define PACKAGE_VERSION ""
| #define PACKAGE_STRING ""
| #define PACKAGE_BUGREPORT ""
| #define X_DISPLAY_MISSING 1
| #define HAVE_LIBXEXT 1
| #define HAVE_X11_EXTENSIONS_XINERAMA_H 1
| #define HAVE_XINERAMA 1
| #define HAVE_X11_EXTENSIONS_XRANDR_H 1
| /* end confdefs.h.  */
| 
| /* Override any gcc2 internal prototype to avoid an error.  */
| #ifdef __cplusplus
| extern "C"
| #endif
| /* We use char because int might match the return type of a gcc2
|    builtin and then its argument prototype would still apply.  */
| char XRRSelectInput ();
| int
| main ()
| {
| XRRSelectInput ();
|   ;
|   return 0;
| }
configure:4609: gcc -o conftest -g -O2     conftest.c -lXext  -lXinerama -lXext     >&5
/tmp/cciEO6SM.o: In function `main':
/home/damato/Downloads/x2vnc-1.7.2/conftest.c:25: undefined reference to `XRRSelectInput'
collect2: error: ld returned 1 exit status
configure:4615: $? = 1
configure: failed program was:
| /* confdefs.h.  */
| 
| #define PACKAGE_NAME ""
| #define PACKAGE_TARNAME ""
| #define PACKAGE_VERSION ""
| #define PACKAGE_STRING ""
| #define PACKAGE_BUGREPORT ""
| #define X_DISPLAY_MISSING 1
| #define HAVE_LIBXEXT 1
| #define HAVE_X11_EXTENSIONS_XINERAMA_H 1
| #define HAVE_XINERAMA 1
| #define HAVE_X11_EXTENSIONS_XRANDR_H 1
| /* end confdefs.h.  */
| 
| /* Override any gcc2 internal prototype to avoid an error.  */
| #ifdef __cplusplus
| extern "C"
| #endif
| /* We use char because int might match the return type of a gcc2
|    builtin and then its argument prototype would still apply.  */
| char XRRSelectInput ();
| int
| main ()
| {
| XRRSelectInput ();
|   ;
|   return 0;
| }
configure:4609: gcc -o conftest -g -O2     conftest.c -lXrandr  -lXinerama -lXext     >&5
configure:4615: $? = 0
configure:4618: test -z 			 || test ! -s conftest.err
configure:4621: $? = 0
configure:4624: test -s conftest
configure:4627: $? = 0
configure:4642: result: -lXrandr
configure:4662: checking for X11/extensions/xf86dga.h
configure:4681: gcc -c -g -O2    conftest.c >&5
In file included from conftest.c:20:0:
/usr/include/X11/extensions/xf86dga.h:9:2: warning: #warning "xf86dga.h is obsolete and may be removed in the future." [-Wcpp]
 #warning "xf86dga.h is obsolete and may be removed in the future."
  ^
/usr/include/X11/extensions/xf86dga.h:10:2: warning: #warning "include <X11/extensions/Xxf86dga.h> instead." [-Wcpp]
 #warning "include <X11/extensions/Xxf86dga.h> instead."
  ^
/usr/include/X11/extensions/xf86dga.h:11:37: fatal error: X11/extensions/Xxf86dga.h: No such file or directory
 #include <X11/extensions/Xxf86dga.h>
                                     ^
compilation terminated.
configure:4687: $? = 1
configure: failed program was:
| /* confdefs.h.  */
| 
| #define PACKAGE_NAME ""
| #define PACKAGE_TARNAME ""
| #define PACKAGE_VERSION ""
| #define PACKAGE_STRING ""
| #define PACKAGE_BUGREPORT ""
| #define X_DISPLAY_MISSING 1
| #define HAVE_LIBXEXT 1
| #define HAVE_X11_EXTENSIONS_XINERAMA_H 1
| #define HAVE_XINERAMA 1
| #define HAVE_X11_EXTENSIONS_XRANDR_H 1
| #define HAVE_XRANDR 1
| /* end confdefs.h.  */
| 
| #include <X11/X.h>
| #include <X11/Xutil.h>
| 
| 
| #include <X11/extensions/xf86dga.h>
configure:4710: result: no
configure:4983: creating ./config.status

## ---------------------- ##
## Running config.status. ##
## ---------------------- ##

This file was extended by config.status, which was
generated by GNU Autoconf 2.59.  Invocation command line was

  CONFIG_FILES    = 
  CONFIG_HEADERS  = 
  CONFIG_LINKS    = 
  CONFIG_COMMANDS = 
  $ ./config.status 

on scrod

config.status:688: creating Makefile

## ---------------- ##
## Cache variables. ##
## ---------------- ##

ac_cv_c_compiler_gnu=yes
ac_cv_env_CC_set=
ac_cv_env_CC_value=
ac_cv_env_CFLAGS_set=
ac_cv_env_CFLAGS_value=
ac_cv_env_CPPFLAGS_set=
ac_cv_env_CPPFLAGS_value=
ac_cv_env_CPP_set=
ac_cv_env_CPP_value=
ac_cv_env_LDFLAGS_set=
ac_cv_env_LDFLAGS_value=
ac_cv_env_build_alias_set=
ac_cv_env_build_alias_value=
ac_cv_env_host_alias_set=
ac_cv_env_host_alias_value=
ac_cv_env_target_alias_set=
ac_cv_env_target_alias_value=
ac_cv_exeext=
ac_cv_have_x=have_x=no
ac_cv_header_X11_extensions_Xinerama_h=yes
ac_cv_header_X11_extensions_Xrandr_h=yes
ac_cv_header_X11_extensions_scrnsaver_h=no
ac_cv_header_X11_extensions_xf86dga_h=no
ac_cv_header_X11_extensions_xidle_h=no
ac_cv_lib_Xext_XextCreateExtension=yes
ac_cv_objext=o
ac_cv_path_install='/usr/bin/install -c'
ac_cv_prog_CPP='gcc -E'
ac_cv_prog_ac_ct_CC=gcc
ac_cv_prog_cc_g=yes
ac_cv_prog_cc_stdc=
ac_cv_prog_make_make_set=yes
ac_cv_search_XRRSelectInput=-lXrandr
ac_cv_search_XineramaQueryExtension=-lXinerama

## ----------------- ##
## Output variables. ##
## ----------------- ##

CC='gcc'
CFLAGS='-g -O2 '
CPP='gcc -E'
CPPFLAGS=' '
DEFS='-DPACKAGE_NAME=\"\" -DPACKAGE_TARNAME=\"\" -DPACKAGE_VERSION=\"\" -DPACKAGE_STRING=\"\" -DPACKAGE_BUGREPORT=\"\" -DX_DISPLAY_MISSING=1 -DHAVE_LIBXEXT=1 -DHAVE_X11_EXTENSIONS_XINERAMA_H=1 -DHAVE_XINERAMA=1 -DHAVE_X11_EXTENSIONS_XRANDR_H=1 -DHAVE_XRANDR=1 '
ECHO_C=''
ECHO_N='-n'
ECHO_T=''
EXEEXT=''
INSTALL_DATA='${INSTALL} -m 644'
INSTALL_PROGRAM='${INSTALL}'
INSTALL_SCRIPT='${INSTALL}'
LDFLAGS=''
LIBOBJS=''
LIBS='-lXrandr -lXinerama -lXext    '
LTLIBOBJS=''
OBJEXT='o'
PACKAGE_BUGREPORT=''
PACKAGE_NAME=''
PACKAGE_STRING=''
PACKAGE_TARNAME=''
PACKAGE_VERSION=''
PATH_SEPARATOR=':'
SET_MAKE=''
SHELL='/bin/sh'
X_CFLAGS=''
X_EXTRA_LIBS=''
X_LIBS=''
X_PRE_LIBS=''
ac_ct_CC='gcc'
bindir='${exec_prefix}/bin'
build_alias=''
datadir='${prefix}/share'
exec_prefix='${prefix}'
host_alias=''
includedir='${prefix}/include'
infodir='${prefix}/info'
libdir='${exec_prefix}/lib'
libexecdir='${exec_prefix}/libexec'
localstatedir='${prefix}/var'
mandir='${prefix}/man'
oldincludedir='/usr/include'
prefix='/usr/local'
program_transform_name='s,x,x,'
sbindir='${exec_prefix}/sbin'
sharedstatedir='${prefix}/com'
sysconfdir='${prefix}/etc'
target_alias=''

## ------------- ##
## Output files. ##
## ------------- ##

makefile_bottom='./Makefile.bottom'
makefile_top='./Makefile.top'

## ----------- ##
## confdefs.h. ##
## ----------- ##

#define HAVE_LIBXEXT 1
#define HAVE_X11_EXTENSIONS_XINERAMA_H 1
#define HAVE_X11_EXTENSIONS_XRANDR_H 1
#define HAVE_XINERAMA 1
#define HAVE_XRANDR 1
#define PACKAGE_BUGREPORT ""
#define PACKAGE_NAME ""
#define PACKAGE_STRING ""
#define PACKAGE_TARNAME ""
#define PACKAGE_VERSION ""
#define X_DISPLAY_MISSING 1

configure: exit 0
